[1.532s] DEBUG:colcon:Command line arguments: ['/usr/bin/colcon', 'build']
[1.532s] DEBUG:colcon:Parsed command line arguments: Namespace(log_base=None, log_level=None, verb_name='build', build_base='build', install_base='install', merge_install=False, symlink_install=False, test_result_base=None, continue_on_error=False, executor='parallel', parallel_workers=4, event_handlers=None, ignore_user_meta=False, metas=['./colcon.meta'], base_paths=['.'], packages_ignore=None, packages_ignore_regex=None, paths=None, packages_up_to=None, packages_up_to_regex=None, packages_above=None, packages_above_and_dependencies=None, packages_above_depth=None, packages_select_by_dep=None, packages_skip_by_dep=None, packages_skip_up_to=None, packages_select_build_failed=False, packages_skip_build_finished=False, packages_select_test_failures=False, packages_skip_test_passed=False, packages_select=None, packages_skip=None, packages_select_regex=None, packages_skip_regex=None, packages_start=None, packages_end=None, allow_overriding=[], cmake_args=None, cmake_target=None, cmake_target_skip_unavailable=False, cmake_clean_cache=False, cmake_clean_first=False, cmake_force_configure=False, ament_cmake_args=None, catkin_cmake_args=None, catkin_skip_building_tests=False, verb_parser=<colcon_defaults.argument_parser.defaults.DefaultArgumentsDecorator object at 0x7fb56d284460>, verb_extension=<colcon_core.verb.build.BuildVerb object at 0x7fb56d285e70>, main=<bound method BuildVerb.main of <colcon_core.verb.build.BuildVerb object at 0x7fb56d285e70>>)
[1.598s] Level 1:colcon.colcon_core.package_discovery:discover_packages(colcon_meta) check parameters
[1.598s] Level 1:colcon.colcon_core.package_discovery:discover_packages(recursive) check parameters
[1.598s] Level 1:colcon.colcon_core.package_discovery:discover_packages(ignore) check parameters
[1.598s] Level 1:colcon.colcon_core.package_discovery:discover_packages(path) check parameters
[1.598s] Level 1:colcon.colcon_core.package_discovery:discover_packages(colcon_meta) discover
[1.598s] Level 1:colcon.colcon_core.package_discovery:discover_packages(recursive) discover
[1.598s] INFO:colcon.colcon_core.package_discovery:Crawling recursively for packages in '/home/alexandre/ros2_ws/test'
[1.598s] Level 1:colcon.colcon_core.package_identification:_identify(.) by extensions ['ignore', 'ignore_ament_install']
[1.599s] Level 1:colcon.colcon_core.package_identification:_identify(.) by extension 'ignore'
[1.599s] Level 1:colcon.colcon_core.package_identification:_identify(.) by extension 'ignore_ament_install'
[1.599s] Level 1:colcon.colcon_core.package_identification:_identify(.) by extensions ['colcon_pkg']
[1.599s] Level 1:colcon.colcon_core.package_identification:_identify(.) by extension 'colcon_pkg'
[1.599s] Level 1:colcon.colcon_core.package_identification:_identify(.) by extensions ['colcon_meta']
[1.599s] Level 1:colcon.colcon_core.package_identification:_identify(.) by extension 'colcon_meta'
[1.599s] Level 1:colcon.colcon_core.package_identification:_identify(.) by extensions ['ros']
[1.599s] Level 1:colcon.colcon_core.package_identification:_identify(.) by extension 'ros'
[1.615s] Level 1:colcon.colcon_core.package_identification:_identify(.) by extensions ['cmake', 'python']
[1.615s] Level 1:colcon.colcon_core.package_identification:_identify(.) by extension 'cmake'
[1.615s] Level 1:colcon.colcon_core.package_identification:_identify(.) by extension 'python'
[1.615s] Level 1:colcon.colcon_core.package_identification:_identify(.) by extensions ['python_setup_py']
[1.615s] Level 1:colcon.colcon_core.package_identification:_identify(.) by extension 'python_setup_py'
[1.615s] Level 1:colcon.colcon_core.package_identification:_identify(build) by extensions ['ignore', 'ignore_ament_install']
[1.615s] Level 1:colcon.colcon_core.package_identification:_identify(build) by extension 'ignore'
[1.615s] Level 1:colcon.colcon_core.package_identification:_identify(build) ignored
[1.616s] Level 1:colcon.colcon_core.package_identification:_identify(install) by extensions ['ignore', 'ignore_ament_install']
[1.616s] Level 1:colcon.colcon_core.package_identification:_identify(install) by extension 'ignore'
[1.616s] Level 1:colcon.colcon_core.package_identification:_identify(install) ignored
[1.616s] Level 1:colcon.colcon_core.package_identification:_identify(log) by extensions ['ignore', 'ignore_ament_install']
[1.616s] Level 1:colcon.colcon_core.package_identification:_identify(log) by extension 'ignore'
[1.616s] Level 1:colcon.colcon_core.package_identification:_identify(log) ignored
[1.616s] Level 1:colcon.colcon_core.package_identification:_identify(src) by extensions ['ignore', 'ignore_ament_install']
[1.616s] Level 1:colcon.colcon_core.package_identification:_identify(src) by extension 'ignore'
[1.616s] Level 1:colcon.colcon_core.package_identification:_identify(src) by extension 'ignore_ament_install'
[1.616s] Level 1:colcon.colcon_core.package_identification:_identify(src) by extensions ['colcon_pkg']
[1.616s] Level 1:colcon.colcon_core.package_identification:_identify(src) by extension 'colcon_pkg'
[1.617s] Level 1:colcon.colcon_core.package_identification:_identify(src) by extensions ['colcon_meta']
[1.617s] Level 1:colcon.colcon_core.package_identification:_identify(src) by extension 'colcon_meta'
[1.617s] Level 1:colcon.colcon_core.package_identification:_identify(src) by extensions ['ros']
[1.617s] Level 1:colcon.colcon_core.package_identification:_identify(src) by extension 'ros'
[1.617s] Level 1:colcon.colcon_core.package_identification:_identify(src) by extensions ['cmake', 'python']
[1.617s] Level 1:colcon.colcon_core.package_identification:_identify(src) by extension 'cmake'
[1.617s] Level 1:colcon.colcon_core.package_identification:_identify(src) by extension 'python'
[1.617s] Level 1:colcon.colcon_core.package_identification:_identify(src) by extensions ['python_setup_py']
[1.617s] Level 1:colcon.colcon_core.package_identification:_identify(src) by extension 'python_setup_py'
[1.617s] Level 1:colcon.colcon_core.package_identification:_identify(src/monpkg) by extensions ['ignore', 'ignore_ament_install']
[1.617s] Level 1:colcon.colcon_core.package_identification:_identify(src/monpkg) by extension 'ignore'
[1.617s] Level 1:colcon.colcon_core.package_identification:_identify(src/monpkg) by extension 'ignore_ament_install'
[1.617s] Level 1:colcon.colcon_core.package_identification:_identify(src/monpkg) by extensions ['colcon_pkg']
[1.617s] Level 1:colcon.colcon_core.package_identification:_identify(src/monpkg) by extension 'colcon_pkg'
[1.617s] Level 1:colcon.colcon_core.package_identification:_identify(src/monpkg) by extensions ['colcon_meta']
[1.617s] Level 1:colcon.colcon_core.package_identification:_identify(src/monpkg) by extension 'colcon_meta'
[1.618s] Level 1:colcon.colcon_core.package_identification:_identify(src/monpkg) by extensions ['ros']
[1.618s] Level 1:colcon.colcon_core.package_identification:_identify(src/monpkg) by extension 'ros'
[1.621s] DEBUG:colcon.colcon_core.package_identification:Package 'src/monpkg' with type 'ros.ament_python' and name 'monpkg'
[1.621s] Level 1:colcon.colcon_core.package_discovery:discover_packages(recursive) using defaults
[1.621s] Level 1:colcon.colcon_core.package_discovery:discover_packages(ignore) discover
[1.621s] Level 1:colcon.colcon_core.package_discovery:discover_packages(ignore) using defaults
[1.621s] Level 1:colcon.colcon_core.package_discovery:discover_packages(path) discover
[1.621s] Level 1:colcon.colcon_core.package_discovery:discover_packages(path) using defaults
[1.759s] Level 1:colcon.colcon_core.package_discovery:discover_packages(prefix_path) check parameters
[1.759s] Level 1:colcon.colcon_core.package_discovery:discover_packages(prefix_path) discover
[1.825s] DEBUG:colcon.colcon_installed_package_information.package_discovery:Found 1 installed packages in /home/alexandre/ros2_ws/test/install
[1.847s] DEBUG:colcon.colcon_installed_package_information.package_discovery:Found 8 installed packages in /home/alexandre/ros2_ws/aquabot/install
[1.870s] DEBUG:colcon.colcon_installed_package_information.package_discovery:Found 12 installed packages in /home/alexandre/ros2_ws/nautilus/ROS2/install
[1.894s] DEBUG:colcon.colcon_installed_package_information.package_discovery:Found 283 installed packages in /opt/ros/humble
[1.896s] Level 1:colcon.colcon_core.package_discovery:discover_packages(prefix_path) using defaults
[2.019s] Level 5:colcon.colcon_core.verb:set package 'monpkg' build argument 'cmake_args' from command line to 'None'
[2.019s] Level 5:colcon.colcon_core.verb:set package 'monpkg' build argument 'cmake_target' from command line to 'None'
[2.019s] Level 5:colcon.colcon_core.verb:set package 'monpkg' build argument 'cmake_target_skip_unavailable' from command line to 'False'
[2.019s] Level 5:colcon.colcon_core.verb:set package 'monpkg' build argument 'cmake_clean_cache' from command line to 'False'
[2.019s] Level 5:colcon.colcon_core.verb:set package 'monpkg' build argument 'cmake_clean_first' from command line to 'False'
[2.019s] Level 5:colcon.colcon_core.verb:set package 'monpkg' build argument 'cmake_force_configure' from command line to 'False'
[2.019s] Level 5:colcon.colcon_core.verb:set package 'monpkg' build argument 'ament_cmake_args' from command line to 'None'
[2.019s] Level 5:colcon.colcon_core.verb:set package 'monpkg' build argument 'catkin_cmake_args' from command line to 'None'
[2.020s] Level 5:colcon.colcon_core.verb:set package 'monpkg' build argument 'catkin_skip_building_tests' from command line to 'False'
[2.020s] DEBUG:colcon.colcon_core.verb:Building package 'monpkg' with the following arguments: {'ament_cmake_args': None, 'build_base': '/home/alexandre/ros2_ws/test/build/monpkg', 'catkin_cmake_args': None, 'catkin_skip_building_tests': False, 'cmake_args': None, 'cmake_clean_cache': False, 'cmake_clean_first': False, 'cmake_force_configure': False, 'cmake_target': None, 'cmake_target_skip_unavailable': False, 'install_base': '/home/alexandre/ros2_ws/test/install/monpkg', 'merge_install': False, 'path': '/home/alexandre/ros2_ws/test/src/monpkg', 'symlink_install': False, 'test_result_base': None}
[2.043s] INFO:colcon.colcon_core.executor:Executing jobs using 'parallel' executor
[2.066s] DEBUG:colcon.colcon_parallel_executor.executor.parallel:run_until_complete
[2.066s] INFO:colcon.colcon_ros.task.ament_python.build:Building ROS package in '/home/alexandre/ros2_ws/test/src/monpkg' with build type 'ament_python'
[2.067s] Level 1:colcon.colcon_core.shell:create_environment_hook('monpkg', 'ament_prefix_path')
[2.093s] INFO:colcon.colcon_core.plugin_system:Skipping extension 'colcon_core.shell.bat': Not used on non-Windows systems
[2.094s] INFO:colcon.colcon_core.shell:Creating environment hook '/home/alexandre/ros2_ws/test/install/monpkg/share/monpkg/hook/ament_prefix_path.ps1'
[2.095s] INFO:colcon.colcon_core.shell:Creating environment descriptor '/home/alexandre/ros2_ws/test/install/monpkg/share/monpkg/hook/ament_prefix_path.dsv'
[2.095s] INFO:colcon.colcon_core.shell:Creating environment hook '/home/alexandre/ros2_ws/test/install/monpkg/share/monpkg/hook/ament_prefix_path.sh'
[2.120s] INFO:colcon.colcon_core.shell:Skip shell extension 'powershell' for command environment: Not usable outside of PowerShell
[2.120s] DEBUG:colcon.colcon_core.shell:Skip shell extension 'dsv' for command environment
[2.657s] INFO:colcon.colcon_core.task.python.build:Building Python package in '/home/alexandre/ros2_ws/test/src/monpkg'
[2.684s] INFO:colcon.colcon_core.shell:Skip shell extension 'powershell' for command environment: Not usable outside of PowerShell
[2.684s] DEBUG:colcon.colcon_core.shell:Skip shell extension 'dsv' for command environment
[3.330s] DEBUG:colcon.colcon_core.event_handler.log_command:Invoking command in '/home/alexandre/ros2_ws/test/src/monpkg': PYTHONPATH=/home/alexandre/ros2_ws/test/build/monpkg/prefix_override:/home/alexandre/ros2_ws/test/install/monpkg/lib/python3.10/site-packages:${PYTHONPATH} /usr/bin/python3 setup.py egg_info --egg-base ../../build/monpkg build --build-base /home/alexandre/ros2_ws/test/build/monpkg/build install --record /home/alexandre/ros2_ws/test/build/monpkg/install.log --single-version-externally-managed
[3.780s] DEBUG:colcon.colcon_core.event_handler.log_command:Invoked command in '/home/alexandre/ros2_ws/test/src/monpkg' returned '0': PYTHONPATH=/home/alexandre/ros2_ws/test/build/monpkg/prefix_override:/home/alexandre/ros2_ws/test/install/monpkg/lib/python3.10/site-packages:${PYTHONPATH} /usr/bin/python3 setup.py egg_info --egg-base ../../build/monpkg build --build-base /home/alexandre/ros2_ws/test/build/monpkg/build install --record /home/alexandre/ros2_ws/test/build/monpkg/install.log --single-version-externally-managed
[3.808s] Level 1:colcon.colcon_core.environment:checking '/home/alexandre/ros2_ws/test/install/monpkg' for CMake module files
[3.809s] Level 1:colcon.colcon_core.environment:checking '/home/alexandre/ros2_ws/test/install/monpkg' for CMake config files
[3.810s] Level 1:colcon.colcon_core.environment:checking '/home/alexandre/ros2_ws/test/install/monpkg/lib'
[3.810s] Level 1:colcon.colcon_core.environment:checking '/home/alexandre/ros2_ws/test/install/monpkg/bin'
[3.811s] Level 1:colcon.colcon_core.environment:checking '/home/alexandre/ros2_ws/test/install/monpkg/lib/pkgconfig/monpkg.pc'
[3.811s] Level 1:colcon.colcon_core.environment:checking '/home/alexandre/ros2_ws/test/install/monpkg/lib/python3.10/site-packages'
[3.811s] Level 1:colcon.colcon_core.shell:create_environment_hook('monpkg', 'pythonpath')
[3.833s] INFO:colcon.colcon_core.shell:Creating environment hook '/home/alexandre/ros2_ws/test/install/monpkg/share/monpkg/hook/pythonpath.ps1'
[3.834s] INFO:colcon.colcon_core.shell:Creating environment descriptor '/home/alexandre/ros2_ws/test/install/monpkg/share/monpkg/hook/pythonpath.dsv'
[3.834s] INFO:colcon.colcon_core.shell:Creating environment hook '/home/alexandre/ros2_ws/test/install/monpkg/share/monpkg/hook/pythonpath.sh'
[3.835s] Level 1:colcon.colcon_core.environment:checking '/home/alexandre/ros2_ws/test/install/monpkg/bin'
[3.835s] Level 1:colcon.colcon_core.environment:create_environment_scripts_only(monpkg)
[3.858s] INFO:colcon.colcon_core.shell:Creating package script '/home/alexandre/ros2_ws/test/install/monpkg/share/monpkg/package.ps1'
[3.859s] INFO:colcon.colcon_core.shell:Creating package descriptor '/home/alexandre/ros2_ws/test/install/monpkg/share/monpkg/package.dsv'
[3.860s] INFO:colcon.colcon_core.shell:Creating package script '/home/alexandre/ros2_ws/test/install/monpkg/share/monpkg/package.sh'
[3.862s] INFO:colcon.colcon_core.shell:Creating package script '/home/alexandre/ros2_ws/test/install/monpkg/share/monpkg/package.bash'
[3.863s] INFO:colcon.colcon_core.shell:Creating package script '/home/alexandre/ros2_ws/test/install/monpkg/share/monpkg/package.zsh'
[3.864s] Level 1:colcon.colcon_core.environment:create_file_with_runtime_dependencies(/home/alexandre/ros2_ws/test/install/monpkg/share/colcon-core/packages/monpkg)
[3.864s] DEBUG:colcon.colcon_parallel_executor.executor.parallel:closing loop
[3.865s] DEBUG:colcon.colcon_parallel_executor.executor.parallel:loop closed
[3.865s] DEBUG:colcon.colcon_parallel_executor.executor.parallel:run_until_complete finished with '0'
[3.865s] DEBUG:colcon.colcon_core.event_reactor:joining thread
[3.899s] INFO:colcon.colcon_core.plugin_system:Skipping extension 'colcon_notification.desktop_notification.terminal_notifier': Not used on non-Darwin systems
[3.899s] INFO:colcon.colcon_core.plugin_system:Skipping extension 'colcon_notification.desktop_notification.win32': Not used on non-Windows systems
[3.899s] INFO:colcon.colcon_notification.desktop_notification:Sending desktop notification using 'notify2'
[3.922s] DEBUG:colcon.colcon_core.event_reactor:joined thread
[3.947s] INFO:colcon.colcon_core.shell:Creating prefix script '/home/alexandre/ros2_ws/test/install/local_setup.ps1'
[3.950s] INFO:colcon.colcon_core.shell:Creating prefix util module '/home/alexandre/ros2_ws/test/install/_local_setup_util_ps1.py'
[3.953s] INFO:colcon.colcon_core.shell:Creating prefix chain script '/home/alexandre/ros2_ws/test/install/setup.ps1'
[3.980s] INFO:colcon.colcon_core.shell:Creating prefix script '/home/alexandre/ros2_ws/test/install/local_setup.sh'
[3.981s] INFO:colcon.colcon_core.shell:Creating prefix util module '/home/alexandre/ros2_ws/test/install/_local_setup_util_sh.py'
[3.982s] INFO:colcon.colcon_core.shell:Creating prefix chain script '/home/alexandre/ros2_ws/test/install/setup.sh'
[4.009s] INFO:colcon.colcon_core.shell:Creating prefix script '/home/alexandre/ros2_ws/test/install/local_setup.bash'
[4.010s] INFO:colcon.colcon_core.shell:Creating prefix chain script '/home/alexandre/ros2_ws/test/install/setup.bash'
[4.035s] INFO:colcon.colcon_core.shell:Creating prefix script '/home/alexandre/ros2_ws/test/install/local_setup.zsh'
[4.036s] INFO:colcon.colcon_core.shell:Creating prefix chain script '/home/alexandre/ros2_ws/test/install/setup.zsh'
