[2.306s] DEBUG:colcon:Command line arguments: ['/usr/bin/colcon', 'build']
[2.306s] DEBUG:colcon:Parsed command line arguments: Namespace(log_base=None, log_level=None, verb_name='build', build_base='build', install_base='install', merge_install=False, symlink_install=False, test_result_base=None, continue_on_error=False, executor='parallel', parallel_workers=4, event_handlers=None, ignore_user_meta=False, metas=['./colcon.meta'], base_paths=['.'], packages_ignore=None, packages_ignore_regex=None, paths=None, packages_up_to=None, packages_up_to_regex=None, packages_above=None, packages_above_and_dependencies=None, packages_above_depth=None, packages_select_by_dep=None, packages_skip_by_dep=None, packages_skip_up_to=None, packages_select_build_failed=False, packages_skip_build_finished=False, packages_select_test_failures=False, packages_skip_test_passed=False, packages_select=None, packages_skip=None, packages_select_regex=None, packages_skip_regex=None, packages_start=None, packages_end=None, allow_overriding=[], cmake_args=None, cmake_target=None, cmake_target_skip_unavailable=False, cmake_clean_cache=False, cmake_clean_first=False, cmake_force_configure=False, ament_cmake_args=None, catkin_cmake_args=None, catkin_skip_building_tests=False, verb_parser=<colcon_defaults.argument_parser.defaults.DefaultArgumentsDecorator object at 0x7fba43885960>, verb_extension=<colcon_core.verb.build.BuildVerb object at 0x7fba43884e20>, main=<bound method BuildVerb.main of <colcon_core.verb.build.BuildVerb object at 0x7fba43884e20>>)
[2.447s] Level 1:colcon.colcon_core.package_discovery:discover_packages(colcon_meta) check parameters
[2.448s] Level 1:colcon.colcon_core.package_discovery:discover_packages(recursive) check parameters
[2.448s] Level 1:colcon.colcon_core.package_discovery:discover_packages(ignore) check parameters
[2.448s] Level 1:colcon.colcon_core.package_discovery:discover_packages(path) check parameters
[2.448s] Level 1:colcon.colcon_core.package_discovery:discover_packages(colcon_meta) discover
[2.448s] Level 1:colcon.colcon_core.package_discovery:discover_packages(recursive) discover
[2.448s] INFO:colcon.colcon_core.package_discovery:Crawling recursively for packages in '/home/alexandre/ros2_ws/test'
[2.448s] Level 1:colcon.colcon_core.package_identification:_identify(.) by extensions ['ignore', 'ignore_ament_install']
[2.448s] Level 1:colcon.colcon_core.package_identification:_identify(.) by extension 'ignore'
[2.448s] Level 1:colcon.colcon_core.package_identification:_identify(.) by extension 'ignore_ament_install'
[2.449s] Level 1:colcon.colcon_core.package_identification:_identify(.) by extensions ['colcon_pkg']
[2.449s] Level 1:colcon.colcon_core.package_identification:_identify(.) by extension 'colcon_pkg'
[2.449s] Level 1:colcon.colcon_core.package_identification:_identify(.) by extensions ['colcon_meta']
[2.449s] Level 1:colcon.colcon_core.package_identification:_identify(.) by extension 'colcon_meta'
[2.449s] Level 1:colcon.colcon_core.package_identification:_identify(.) by extensions ['ros']
[2.449s] Level 1:colcon.colcon_core.package_identification:_identify(.) by extension 'ros'
[2.469s] Level 1:colcon.colcon_core.package_identification:_identify(.) by extensions ['cmake', 'python']
[2.469s] Level 1:colcon.colcon_core.package_identification:_identify(.) by extension 'cmake'
[2.469s] Level 1:colcon.colcon_core.package_identification:_identify(.) by extension 'python'
[2.469s] Level 1:colcon.colcon_core.package_identification:_identify(.) by extensions ['python_setup_py']
[2.469s] Level 1:colcon.colcon_core.package_identification:_identify(.) by extension 'python_setup_py'
[2.469s] Level 1:colcon.colcon_core.package_identification:_identify(build) by extensions ['ignore', 'ignore_ament_install']
[2.469s] Level 1:colcon.colcon_core.package_identification:_identify(build) by extension 'ignore'
[2.469s] Level 1:colcon.colcon_core.package_identification:_identify(build) ignored
[2.469s] Level 1:colcon.colcon_core.package_identification:_identify(install) by extensions ['ignore', 'ignore_ament_install']
[2.470s] Level 1:colcon.colcon_core.package_identification:_identify(install) by extension 'ignore'
[2.470s] Level 1:colcon.colcon_core.package_identification:_identify(install) ignored
[2.470s] Level 1:colcon.colcon_core.package_identification:_identify(log) by extensions ['ignore', 'ignore_ament_install']
[2.470s] Level 1:colcon.colcon_core.package_identification:_identify(log) by extension 'ignore'
[2.470s] Level 1:colcon.colcon_core.package_identification:_identify(log) ignored
[2.470s] Level 1:colcon.colcon_core.package_identification:_identify(src) by extensions ['ignore', 'ignore_ament_install']
[2.470s] Level 1:colcon.colcon_core.package_identification:_identify(src) by extension 'ignore'
[2.470s] Level 1:colcon.colcon_core.package_identification:_identify(src) by extension 'ignore_ament_install'
[2.470s] Level 1:colcon.colcon_core.package_identification:_identify(src) by extensions ['colcon_pkg']
[2.470s] Level 1:colcon.colcon_core.package_identification:_identify(src) by extension 'colcon_pkg'
[2.471s] Level 1:colcon.colcon_core.package_identification:_identify(src) by extensions ['colcon_meta']
[2.471s] Level 1:colcon.colcon_core.package_identification:_identify(src) by extension 'colcon_meta'
[2.471s] Level 1:colcon.colcon_core.package_identification:_identify(src) by extensions ['ros']
[2.471s] Level 1:colcon.colcon_core.package_identification:_identify(src) by extension 'ros'
[2.471s] Level 1:colcon.colcon_core.package_identification:_identify(src) by extensions ['cmake', 'python']
[2.471s] Level 1:colcon.colcon_core.package_identification:_identify(src) by extension 'cmake'
[2.471s] Level 1:colcon.colcon_core.package_identification:_identify(src) by extension 'python'
[2.471s] Level 1:colcon.colcon_core.package_identification:_identify(src) by extensions ['python_setup_py']
[2.471s] Level 1:colcon.colcon_core.package_identification:_identify(src) by extension 'python_setup_py'
[2.471s] Level 1:colcon.colcon_core.package_identification:_identify(src/monpkg) by extensions ['ignore', 'ignore_ament_install']
[2.471s] Level 1:colcon.colcon_core.package_identification:_identify(src/monpkg) by extension 'ignore'
[2.471s] Level 1:colcon.colcon_core.package_identification:_identify(src/monpkg) by extension 'ignore_ament_install'
[2.471s] Level 1:colcon.colcon_core.package_identification:_identify(src/monpkg) by extensions ['colcon_pkg']
[2.471s] Level 1:colcon.colcon_core.package_identification:_identify(src/monpkg) by extension 'colcon_pkg'
[2.472s] Level 1:colcon.colcon_core.package_identification:_identify(src/monpkg) by extensions ['colcon_meta']
[2.472s] Level 1:colcon.colcon_core.package_identification:_identify(src/monpkg) by extension 'colcon_meta'
[2.472s] Level 1:colcon.colcon_core.package_identification:_identify(src/monpkg) by extensions ['ros']
[2.472s] Level 1:colcon.colcon_core.package_identification:_identify(src/monpkg) by extension 'ros'
[2.479s] DEBUG:colcon.colcon_core.package_identification:Package 'src/monpkg' with type 'ros.ament_python' and name 'monpkg'
[2.479s] Level 1:colcon.colcon_core.package_discovery:discover_packages(recursive) using defaults
[2.479s] Level 1:colcon.colcon_core.package_discovery:discover_packages(ignore) discover
[2.479s] Level 1:colcon.colcon_core.package_discovery:discover_packages(ignore) using defaults
[2.479s] Level 1:colcon.colcon_core.package_discovery:discover_packages(path) discover
[2.479s] Level 1:colcon.colcon_core.package_discovery:discover_packages(path) using defaults
[2.672s] Level 1:colcon.colcon_core.package_discovery:discover_packages(prefix_path) check parameters
[2.672s] Level 1:colcon.colcon_core.package_discovery:discover_packages(prefix_path) discover
[2.757s] DEBUG:colcon.colcon_installed_package_information.package_discovery:Found 8 installed packages in /home/alexandre/ros2_ws/aquabot/install
[2.788s] DEBUG:colcon.colcon_installed_package_information.package_discovery:Found 12 installed packages in /home/alexandre/ros2_ws/nautilus/ROS2/install
[2.817s] DEBUG:colcon.colcon_installed_package_information.package_discovery:Found 283 installed packages in /opt/ros/humble
[2.819s] Level 1:colcon.colcon_core.package_discovery:discover_packages(prefix_path) using defaults
[3.004s] Level 5:colcon.colcon_core.verb:set package 'monpkg' build argument 'cmake_args' from command line to 'None'
[3.004s] Level 5:colcon.colcon_core.verb:set package 'monpkg' build argument 'cmake_target' from command line to 'None'
[3.004s] Level 5:colcon.colcon_core.verb:set package 'monpkg' build argument 'cmake_target_skip_unavailable' from command line to 'False'
[3.004s] Level 5:colcon.colcon_core.verb:set package 'monpkg' build argument 'cmake_clean_cache' from command line to 'False'
[3.004s] Level 5:colcon.colcon_core.verb:set package 'monpkg' build argument 'cmake_clean_first' from command line to 'False'
[3.004s] Level 5:colcon.colcon_core.verb:set package 'monpkg' build argument 'cmake_force_configure' from command line to 'False'
[3.004s] Level 5:colcon.colcon_core.verb:set package 'monpkg' build argument 'ament_cmake_args' from command line to 'None'
[3.004s] Level 5:colcon.colcon_core.verb:set package 'monpkg' build argument 'catkin_cmake_args' from command line to 'None'
[3.004s] Level 5:colcon.colcon_core.verb:set package 'monpkg' build argument 'catkin_skip_building_tests' from command line to 'False'
[3.004s] DEBUG:colcon.colcon_core.verb:Building package 'monpkg' with the following arguments: {'ament_cmake_args': None, 'build_base': '/home/alexandre/ros2_ws/test/build/monpkg', 'catkin_cmake_args': None, 'catkin_skip_building_tests': False, 'cmake_args': None, 'cmake_clean_cache': False, 'cmake_clean_first': False, 'cmake_force_configure': False, 'cmake_target': None, 'cmake_target_skip_unavailable': False, 'install_base': '/home/alexandre/ros2_ws/test/install/monpkg', 'merge_install': False, 'path': '/home/alexandre/ros2_ws/test/src/monpkg', 'symlink_install': False, 'test_result_base': None}
[3.032s] INFO:colcon.colcon_core.executor:Executing jobs using 'parallel' executor
[3.064s] DEBUG:colcon.colcon_parallel_executor.executor.parallel:run_until_complete
[3.065s] INFO:colcon.colcon_ros.task.ament_python.build:Building ROS package in '/home/alexandre/ros2_ws/test/src/monpkg' with build type 'ament_python'
[3.066s] Level 1:colcon.colcon_core.shell:create_environment_hook('monpkg', 'ament_prefix_path')
[3.128s] INFO:colcon.colcon_core.plugin_system:Skipping extension 'colcon_core.shell.bat': Not used on non-Windows systems
[3.129s] INFO:colcon.colcon_core.shell:Creating environment hook '/home/alexandre/ros2_ws/test/install/monpkg/share/monpkg/hook/ament_prefix_path.ps1'
[3.130s] INFO:colcon.colcon_core.shell:Creating environment descriptor '/home/alexandre/ros2_ws/test/install/monpkg/share/monpkg/hook/ament_prefix_path.dsv'
[3.132s] INFO:colcon.colcon_core.shell:Creating environment hook '/home/alexandre/ros2_ws/test/install/monpkg/share/monpkg/hook/ament_prefix_path.sh'
[3.183s] INFO:colcon.colcon_core.shell:Skip shell extension 'powershell' for command environment: Not usable outside of PowerShell
[3.183s] DEBUG:colcon.colcon_core.shell:Skip shell extension 'dsv' for command environment
[3.956s] INFO:colcon.colcon_core.task.python.build:Building Python package in '/home/alexandre/ros2_ws/test/src/monpkg'
[3.990s] INFO:colcon.colcon_core.shell:Skip shell extension 'powershell' for command environment: Not usable outside of PowerShell
[3.990s] DEBUG:colcon.colcon_core.shell:Skip shell extension 'dsv' for command environment
[4.966s] DEBUG:colcon.colcon_core.event_handler.log_command:Invoking command in '/home/alexandre/ros2_ws/test/src/monpkg': PYTHONPATH=/home/alexandre/ros2_ws/test/build/monpkg/prefix_override:/home/alexandre/ros2_ws/test/install/monpkg/lib/python3.10/site-packages:${PYTHONPATH} /usr/bin/python3 setup.py egg_info --egg-base ../../build/monpkg build --build-base /home/alexandre/ros2_ws/test/build/monpkg/build install --record /home/alexandre/ros2_ws/test/build/monpkg/install.log --single-version-externally-managed
[5.594s] DEBUG:colcon.colcon_core.event_handler.log_command:Invoked command in '/home/alexandre/ros2_ws/test/src/monpkg' returned '0': PYTHONPATH=/home/alexandre/ros2_ws/test/build/monpkg/prefix_override:/home/alexandre/ros2_ws/test/install/monpkg/lib/python3.10/site-packages:${PYTHONPATH} /usr/bin/python3 setup.py egg_info --egg-base ../../build/monpkg build --build-base /home/alexandre/ros2_ws/test/build/monpkg/build install --record /home/alexandre/ros2_ws/test/build/monpkg/install.log --single-version-externally-managed
[5.646s] Level 1:colcon.colcon_core.environment:checking '/home/alexandre/ros2_ws/test/install/monpkg' for CMake module files
[5.647s] Level 1:colcon.colcon_core.environment:checking '/home/alexandre/ros2_ws/test/install/monpkg' for CMake config files
[5.648s] Level 1:colcon.colcon_core.environment:checking '/home/alexandre/ros2_ws/test/install/monpkg/lib'
[5.649s] Level 1:colcon.colcon_core.environment:checking '/home/alexandre/ros2_ws/test/install/monpkg/bin'
[5.649s] Level 1:colcon.colcon_core.environment:checking '/home/alexandre/ros2_ws/test/install/monpkg/lib/pkgconfig/monpkg.pc'
[5.649s] Level 1:colcon.colcon_core.environment:checking '/home/alexandre/ros2_ws/test/install/monpkg/lib/python3.10/site-packages'
[5.649s] Level 1:colcon.colcon_core.shell:create_environment_hook('monpkg', 'pythonpath')
[5.685s] INFO:colcon.colcon_core.shell:Creating environment hook '/home/alexandre/ros2_ws/test/install/monpkg/share/monpkg/hook/pythonpath.ps1'
[5.685s] INFO:colcon.colcon_core.shell:Creating environment descriptor '/home/alexandre/ros2_ws/test/install/monpkg/share/monpkg/hook/pythonpath.dsv'
[5.686s] INFO:colcon.colcon_core.shell:Creating environment hook '/home/alexandre/ros2_ws/test/install/monpkg/share/monpkg/hook/pythonpath.sh'
[5.687s] Level 1:colcon.colcon_core.environment:checking '/home/alexandre/ros2_ws/test/install/monpkg/bin'
[5.687s] Level 1:colcon.colcon_core.environment:create_environment_scripts_only(monpkg)
[5.719s] INFO:colcon.colcon_core.shell:Creating package script '/home/alexandre/ros2_ws/test/install/monpkg/share/monpkg/package.ps1'
[5.723s] INFO:colcon.colcon_core.shell:Creating package descriptor '/home/alexandre/ros2_ws/test/install/monpkg/share/monpkg/package.dsv'
[5.725s] INFO:colcon.colcon_core.shell:Creating package script '/home/alexandre/ros2_ws/test/install/monpkg/share/monpkg/package.sh'
[5.731s] INFO:colcon.colcon_core.shell:Creating package script '/home/alexandre/ros2_ws/test/install/monpkg/share/monpkg/package.bash'
[5.734s] INFO:colcon.colcon_core.shell:Creating package script '/home/alexandre/ros2_ws/test/install/monpkg/share/monpkg/package.zsh'
[5.737s] Level 1:colcon.colcon_core.environment:create_file_with_runtime_dependencies(/home/alexandre/ros2_ws/test/install/monpkg/share/colcon-core/packages/monpkg)
[5.738s] DEBUG:colcon.colcon_parallel_executor.executor.parallel:closing loop
[5.738s] DEBUG:colcon.colcon_parallel_executor.executor.parallel:loop closed
[5.738s] DEBUG:colcon.colcon_parallel_executor.executor.parallel:run_until_complete finished with '0'
[5.738s] DEBUG:colcon.colcon_core.event_reactor:joining thread
[5.789s] INFO:colcon.colcon_core.plugin_system:Skipping extension 'colcon_notification.desktop_notification.terminal_notifier': Not used on non-Darwin systems
[5.789s] INFO:colcon.colcon_core.plugin_system:Skipping extension 'colcon_notification.desktop_notification.win32': Not used on non-Windows systems
[5.789s] INFO:colcon.colcon_notification.desktop_notification:Sending desktop notification using 'notify2'
[5.820s] DEBUG:colcon.colcon_core.event_reactor:joined thread
[5.854s] INFO:colcon.colcon_core.shell:Creating prefix script '/home/alexandre/ros2_ws/test/install/local_setup.ps1'
[5.861s] INFO:colcon.colcon_core.shell:Creating prefix util module '/home/alexandre/ros2_ws/test/install/_local_setup_util_ps1.py'
[5.864s] INFO:colcon.colcon_core.shell:Creating prefix chain script '/home/alexandre/ros2_ws/test/install/setup.ps1'
[5.901s] INFO:colcon.colcon_core.shell:Creating prefix script '/home/alexandre/ros2_ws/test/install/local_setup.sh'
[5.903s] INFO:colcon.colcon_core.shell:Creating prefix util module '/home/alexandre/ros2_ws/test/install/_local_setup_util_sh.py'
[5.904s] INFO:colcon.colcon_core.shell:Creating prefix chain script '/home/alexandre/ros2_ws/test/install/setup.sh'
[5.937s] INFO:colcon.colcon_core.shell:Creating prefix script '/home/alexandre/ros2_ws/test/install/local_setup.bash'
[5.939s] INFO:colcon.colcon_core.shell:Creating prefix chain script '/home/alexandre/ros2_ws/test/install/setup.bash'
[5.978s] INFO:colcon.colcon_core.shell:Creating prefix script '/home/alexandre/ros2_ws/test/install/local_setup.zsh'
[5.980s] INFO:colcon.colcon_core.shell:Creating prefix chain script '/home/alexandre/ros2_ws/test/install/setup.zsh'
